<?xml version="1.0" encoding="UTF-8"?>
<!-- Generated by org.testng.reporters.JUnitXMLReporter -->
<testsuite ignored="0" hostname="LTIN217789" failures="0" tests="8" name="chromeTest" time="123.616" errors="0" timestamp="2024-02-15T11:34:28 IST">
  <testcase classname="testCases.TC_001_search_bookshelves" name="search_Bookshelves" time="3.238"/>
  <testcase classname="testCases.TC_001_search_bookshelves" name="applying_filters" time="27.401"/>
  <testcase classname="testCases.TC_002_Living_Submenu" name="retrieve_submenu" time="5.834"/>
  <testcase classname="testCases.TC_003_Giftcards" name="gift_card_selection" time="10.932"/>
  <testcase classname="testCases.TC_003_Giftcards" name="set_amount_and_date" time="4.321"/>
  <testcase classname="testCases.TC_003_Giftcards" name="invalid_details" time="10.524"/>
  <testcase classname="testCases.TC_003_Giftcards" name="valid_details" time="7.019"/>
  <testcase classname="testCases.TC_003_Giftcards" name="confirm_details" time="4.005"/>
</testsuite> <!-- chromeTest -->
