<?xml version="1.0" encoding="UTF-8"?>
<!-- Generated by org.testng.reporters.JUnitXMLReporter -->
<testsuite ignored="0" hostname="LTIN217789" failures="0" tests="8" name="EdgeTest" time="119.885" errors="0" timestamp="2024-02-15T11:36:28 IST">
  <testcase classname="testCases.TC_001_search_bookshelves" name="search_Bookshelves" time="3.621"/>
  <testcase classname="testCases.TC_001_search_bookshelves" name="applying_filters" time="28.482"/>
  <testcase classname="testCases.TC_002_Living_Submenu" name="retrieve_submenu" time="5.539"/>
  <testcase classname="testCases.TC_003_Giftcards" name="gift_card_selection" time="8.267"/>
  <testcase classname="testCases.TC_003_Giftcards" name="set_amount_and_date" time="4.489"/>
  <testcase classname="testCases.TC_003_Giftcards" name="invalid_details" time="8.954"/>
  <testcase classname="testCases.TC_003_Giftcards" name="valid_details" time="7.155"/>
  <testcase classname="testCases.TC_003_Giftcards" name="confirm_details" time="3.543"/>
</testsuite> <!-- EdgeTest -->
