<?xml version="1.0" encoding="UTF-8"?>
<!-- Generated by org.testng.reporters.JUnitXMLReporter -->
<testsuite ignored="0" hostname="LTIN217789" failures="0" tests="8" name="Test" time="352.542" errors="0" timestamp="2024-02-16T14:51:56 IST">
  <testcase classname="testCases.TC_001_search_bookshelves" name="search_Bookshelves" time="4.864"/>
  <testcase classname="testCases.TC_001_search_bookshelves" name="applying_filters" time="31.715"/>
  <testcase classname="testCases.TC_002_Living_Submenu" name="retrieve_submenu" time="8.717"/>
  <testcase classname="testCases.TC_003_Giftcards" name="gift_card_selection" time="13.273"/>
  <testcase classname="testCases.TC_003_Giftcards" name="set_amount_and_date" time="4.761"/>
  <testcase classname="testCases.TC_003_Giftcards" name="invalid_details" time="8.354"/>
  <testcase classname="testCases.TC_003_Giftcards" name="valid_details" time="6.749"/>
  <testcase classname="testCases.TC_003_Giftcards" name="confirm_details" time="3.949"/>
</testsuite> <!-- Test -->
