<?xml version="1.0" encoding="UTF-8"?>
<testng-results ignored="0" total="8" passed="8" failed="0" skipped="0">
  <reporter-output>
  </reporter-output>
  <suite started-at="2024-02-16T14:45:51 IST" name="Suite" finished-at="2024-02-16T14:51:44 IST" duration-ms="352542">
    <groups>
      <group name="regression">
        <method signature="TC_003_Giftcards.gift_card_selection()[pri:4, instance:testCases.TC_003_Giftcards@3bb9a3ff]" name="gift_card_selection" class="testCases.TC_003_Giftcards"/>
        <method signature="TC_003_Giftcards.set_amount_and_date()[pri:5, instance:testCases.TC_003_Giftcards@3bb9a3ff]" name="set_amount_and_date" class="testCases.TC_003_Giftcards"/>
        <method signature="TC_003_Giftcards.invalid_details(java.lang.String,java.lang.String,java.lang.String,java.lang.String,java.lang.String,java.lang.String,java.lang.String,java.lang.String,java.lang.String,java.lang.String)[pri:6, instance:testCases.TC_003_Giftcards@3bb9a3ff]" name="invalid_details" class="testCases.TC_003_Giftcards"/>
        <method signature="TC_003_Giftcards.valid_details(java.lang.String,java.lang.String,java.lang.String,java.lang.String,java.lang.String,java.lang.String,java.lang.String,java.lang.String,java.lang.String,java.lang.String)[pri:7, instance:testCases.TC_003_Giftcards@3bb9a3ff]" name="valid_details" class="testCases.TC_003_Giftcards"/>
        <method signature="TC_003_Giftcards.confirm_details(java.lang.String,java.lang.String,java.lang.String,java.lang.String,java.lang.String,java.lang.String,java.lang.String,java.lang.String,java.lang.String,java.lang.String)[pri:8, instance:testCases.TC_003_Giftcards@3bb9a3ff]" name="confirm_details" class="testCases.TC_003_Giftcards"/>
      </group> <!-- regression -->
      <group name="smoke">
        <method signature="TC_001_search_bookshelves.applying_filters()[pri:2, instance:testCases.TC_001_search_bookshelves@32eff876]" name="applying_filters" class="testCases.TC_001_search_bookshelves"/>
        <method signature="TC_002_Living_Submenu.retrieve_submenu()[pri:3, instance:testCases.TC_002_Living_Submenu@7c729a55]" name="retrieve_submenu" class="testCases.TC_002_Living_Submenu"/>
      </group> <!-- smoke -->
      <group name="sanity">
        <method signature="TC_001_search_bookshelves.search_Bookshelves()[pri:1, instance:testCases.TC_001_search_bookshelves@32eff876]" name="search_Bookshelves" class="testCases.TC_001_search_bookshelves"/>
      </group> <!-- sanity -->
    </groups>
    <test started-at="2024-02-16T14:45:51 IST" name="Test" finished-at="2024-02-16T14:51:44 IST" duration-ms="352542">
      <class name="testCases.TC_001_search_bookshelves">
        <test-method is-config="true" signature="setup(java.lang.String,java.lang.String)[pri:0, instance:testCases.TC_001_search_bookshelves@32eff876]" started-at="2024-02-16T14:45:52 IST" name="setup" finished-at="2024-02-16T14:47:19 IST" duration-ms="86423" status="PASS">
          <params>
            <param index="0">
              <value>
                <![CDATA[Windows]]>
              </value>
            </param>
            <param index="1">
              <value>
                <![CDATA[chrome]]>
              </value>
            </param>
          </params>
          <reporter-output>
          </reporter-output>
        </test-method> <!-- setup -->
        <test-method signature="search_Bookshelves()[pri:1, instance:testCases.TC_001_search_bookshelves@32eff876]" started-at="2024-02-16T14:47:19 IST" name="search_Bookshelves" finished-at="2024-02-16T14:47:24 IST" duration-ms="4864" status="PASS">
          <reporter-output>
          </reporter-output>
        </test-method> <!-- search_Bookshelves -->
        <test-method signature="applying_filters()[pri:2, instance:testCases.TC_001_search_bookshelves@32eff876]" started-at="2024-02-16T14:47:25 IST" name="applying_filters" finished-at="2024-02-16T14:47:56 IST" duration-ms="31715" status="PASS">
          <reporter-output>
          </reporter-output>
        </test-method> <!-- applying_filters -->
        <test-method is-config="true" signature="tearDown()[pri:0, instance:testCases.TC_001_search_bookshelves@32eff876]" started-at="2024-02-16T14:47:57 IST" name="tearDown" finished-at="2024-02-16T14:47:58 IST" duration-ms="1471" status="PASS">
          <reporter-output>
          </reporter-output>
        </test-method> <!-- tearDown -->
      </class> <!-- testCases.TC_001_search_bookshelves -->
      <class name="testCases.TC_002_Living_Submenu">
        <test-method is-config="true" signature="setup(java.lang.String,java.lang.String)[pri:0, instance:testCases.TC_002_Living_Submenu@7c729a55]" started-at="2024-02-16T14:47:58 IST" name="setup" finished-at="2024-02-16T14:49:18 IST" duration-ms="79628" status="PASS">
          <params>
            <param index="0">
              <value>
                <![CDATA[Windows]]>
              </value>
            </param>
            <param index="1">
              <value>
                <![CDATA[chrome]]>
              </value>
            </param>
          </params>
          <reporter-output>
          </reporter-output>
        </test-method> <!-- setup -->
        <test-method signature="retrieve_submenu()[pri:3, instance:testCases.TC_002_Living_Submenu@7c729a55]" started-at="2024-02-16T14:49:18 IST" name="retrieve_submenu" finished-at="2024-02-16T14:49:27 IST" duration-ms="8717" status="PASS">
          <reporter-output>
          </reporter-output>
        </test-method> <!-- retrieve_submenu -->
        <test-method is-config="true" signature="tearDown()[pri:0, instance:testCases.TC_002_Living_Submenu@7c729a55]" started-at="2024-02-16T14:49:27 IST" name="tearDown" finished-at="2024-02-16T14:49:29 IST" duration-ms="1428" status="PASS">
          <reporter-output>
          </reporter-output>
        </test-method> <!-- tearDown -->
      </class> <!-- testCases.TC_002_Living_Submenu -->
      <class name="testCases.TC_003_Giftcards">
        <test-method is-config="true" signature="setup(java.lang.String,java.lang.String)[pri:0, instance:testCases.TC_003_Giftcards@3bb9a3ff]" started-at="2024-02-16T14:49:29 IST" name="setup" finished-at="2024-02-16T14:50:56 IST" duration-ms="87152" status="PASS">
          <params>
            <param index="0">
              <value>
                <![CDATA[Windows]]>
              </value>
            </param>
            <param index="1">
              <value>
                <![CDATA[chrome]]>
              </value>
            </param>
          </params>
          <reporter-output>
          </reporter-output>
        </test-method> <!-- setup -->
        <test-method signature="gift_card_selection()[pri:4, instance:testCases.TC_003_Giftcards@3bb9a3ff]" started-at="2024-02-16T14:50:56 IST" name="gift_card_selection" finished-at="2024-02-16T14:51:09 IST" duration-ms="13273" status="PASS">
          <reporter-output>
          </reporter-output>
        </test-method> <!-- gift_card_selection -->
        <test-method signature="set_amount_and_date()[pri:5, instance:testCases.TC_003_Giftcards@3bb9a3ff]" started-at="2024-02-16T14:51:11 IST" name="set_amount_and_date" finished-at="2024-02-16T14:51:15 IST" duration-ms="4761" status="PASS">
          <reporter-output>
          </reporter-output>
        </test-method> <!-- set_amount_and_date -->
        <test-method signature="invalid_details(java.lang.String,java.lang.String,java.lang.String,java.lang.String,java.lang.String,java.lang.String,java.lang.String,java.lang.String,java.lang.String,java.lang.String)[pri:6, instance:testCases.TC_003_Giftcards@3bb9a3ff]" started-at="2024-02-16T14:51:20 IST" name="invalid_details" data-provider="dp" finished-at="2024-02-16T14:51:29 IST" duration-ms="8354" status="PASS">
          <params>
            <param index="0">
              <value>
                <![CDATA[Chaithanya]]>
              </value>
            </param>
            <param index="1">
              <value>
                <![CDATA[chaithanyagmail.com]]>
              </value>
            </param>
            <param index="2">
              <value>
                <![CDATA[7688925322]]>
              </value>
            </param>
            <param index="3">
              <value>
                <![CDATA[Kumar]]>
              </value>
            </param>
            <param index="4">
              <value>
                <![CDATA[kumar@gmail.com]]>
              </value>
            </param>
            <param index="5">
              <value>
                <![CDATA[8292755441]]>
              </value>
            </param>
            <param index="6">
              <value>
                <![CDATA[Manyatha teck part]]>
              </value>
            </param>
            <param index="7">
              <value>
                <![CDATA[560045]]>
              </value>
            </param>
            <param index="8">
              <value>
                <![CDATA[Have a wonderful day.]]>
              </value>
            </param>
            <param index="9">
              <value>
                <![CDATA[chaithanya@gmail.com]]>
              </value>
            </param>
          </params>
          <reporter-output>
          </reporter-output>
        </test-method> <!-- invalid_details -->
        <test-method signature="valid_details(java.lang.String,java.lang.String,java.lang.String,java.lang.String,java.lang.String,java.lang.String,java.lang.String,java.lang.String,java.lang.String,java.lang.String)[pri:7, instance:testCases.TC_003_Giftcards@3bb9a3ff]" started-at="2024-02-16T14:51:30 IST" name="valid_details" data-provider="dp" finished-at="2024-02-16T14:51:37 IST" duration-ms="6749" status="PASS">
          <params>
            <param index="0">
              <value>
                <![CDATA[Chaithanya]]>
              </value>
            </param>
            <param index="1">
              <value>
                <![CDATA[chaithanyagmail.com]]>
              </value>
            </param>
            <param index="2">
              <value>
                <![CDATA[7688925322]]>
              </value>
            </param>
            <param index="3">
              <value>
                <![CDATA[Kumar]]>
              </value>
            </param>
            <param index="4">
              <value>
                <![CDATA[kumar@gmail.com]]>
              </value>
            </param>
            <param index="5">
              <value>
                <![CDATA[8292755441]]>
              </value>
            </param>
            <param index="6">
              <value>
                <![CDATA[Manyatha teck part]]>
              </value>
            </param>
            <param index="7">
              <value>
                <![CDATA[560045]]>
              </value>
            </param>
            <param index="8">
              <value>
                <![CDATA[Have a wonderful day.]]>
              </value>
            </param>
            <param index="9">
              <value>
                <![CDATA[chaithanya@gmail.com]]>
              </value>
            </param>
          </params>
          <reporter-output>
          </reporter-output>
        </test-method> <!-- valid_details -->
        <test-method signature="confirm_details(java.lang.String,java.lang.String,java.lang.String,java.lang.String,java.lang.String,java.lang.String,java.lang.String,java.lang.String,java.lang.String,java.lang.String)[pri:8, instance:testCases.TC_003_Giftcards@3bb9a3ff]" started-at="2024-02-16T14:51:37 IST" name="confirm_details" data-provider="dp" finished-at="2024-02-16T14:51:41 IST" duration-ms="3949" status="PASS">
          <params>
            <param index="0">
              <value>
                <![CDATA[Chaithanya]]>
              </value>
            </param>
            <param index="1">
              <value>
                <![CDATA[chaithanyagmail.com]]>
              </value>
            </param>
            <param index="2">
              <value>
                <![CDATA[7688925322]]>
              </value>
            </param>
            <param index="3">
              <value>
                <![CDATA[Kumar]]>
              </value>
            </param>
            <param index="4">
              <value>
                <![CDATA[kumar@gmail.com]]>
              </value>
            </param>
            <param index="5">
              <value>
                <![CDATA[8292755441]]>
              </value>
            </param>
            <param index="6">
              <value>
                <![CDATA[Manyatha teck part]]>
              </value>
            </param>
            <param index="7">
              <value>
                <![CDATA[560045]]>
              </value>
            </param>
            <param index="8">
              <value>
                <![CDATA[Have a wonderful day.]]>
              </value>
            </param>
            <param index="9">
              <value>
                <![CDATA[chaithanya@gmail.com]]>
              </value>
            </param>
          </params>
          <reporter-output>
          </reporter-output>
        </test-method> <!-- confirm_details -->
        <test-method is-config="true" signature="tearDown()[pri:0, instance:testCases.TC_003_Giftcards@3bb9a3ff]" started-at="2024-02-16T14:51:42 IST" name="tearDown" finished-at="2024-02-16T14:51:44 IST" duration-ms="1481" status="PASS">
          <reporter-output>
          </reporter-output>
        </test-method> <!-- tearDown -->
      </class> <!-- testCases.TC_003_Giftcards -->
    </test> <!-- Test -->
  </suite> <!-- Suite -->
</testng-results>
