<?xml version="1.0" encoding="UTF-8"?>
<testsuite xmlns:xsi="http://www.w3.org/2001/XMLSchema-instance" xsi:noNamespaceSchemaLocation="https://maven.apache.org/surefire/maven-surefire-plugin/xsd/surefire-test-report-3.0.xsd" version="3.0" name="TestSuite" time="368.021" tests="8" errors="0" skipped="0" failures="0">
  <properties>
[...]
</properties>
  <testcase name="search_Bookshelves" classname="testCases.TC_001_search_bookshelves" time="5.703">
    <system-err><![CDATA[SLF4J: Failed to load class "org.slf4j.impl.StaticLoggerBinder".
SLF4J: Defaulting to no-operation (NOP) logger implementation
SLF4J: See http://www.slf4j.org/codes.html#StaticLoggerBinder for further details.
Feb 16, 2024 2:47:01 PM org.openqa.selenium.manager.SeleniumManager lambda$runCommand$1
WARNING: There was an error managing chrome (error sending request for url (https://googlechromelabs.github.io/chrome-for-testing/known-good-versions-with-downloads.json): error trying to connect: An existing connection was forcibly closed by the remote host. (os error 10054)); using driver found in the cache
]]></system-err>
  </testcase>
  <testcase name="applying_filters" classname="testCases.TC_001_search_bookshelves" time="32.231">
    <system-out><![CDATA[
The product name is: Wall E Engineered Wood Kids Bookshelf In Silver Grey Colour
By Boingg! - A Happy Start
The actual price is: ₹17,600
The offer price is: ₹14,256

--------------------------------------------------------------

The product name is: Ochre Solid Wood Kids Bookshelf In Natural Colour
By X&Y
The actual price is: ₹10,500
The offer price is: ₹9,975

--------------------------------------------------------------

The product name is: Ochre Solid Wood Kids Bookshelf In Pink Colour
By X&Y
The actual price is: ₹10,500
The offer price is: ₹9,975

--------------------------------------------------------------
]]></system-out>
  </testcase>
  <testcase name="retrieve_submenu" classname="testCases.TC_002_Living_Submenu" time="9.395">
    <system-out><![CDATA[Seating and chairs: 
Lounge Chairs
Accent Chairs
Recliners
Sofa Cum Bed
UL Assured Picks
Ottomans & Stools
Bean Bags
Benches
Bar Stools
Rocking Chairs
Gaming Chairs
]]></system-out>
    <system-err><![CDATA[Feb 16, 2024 2:49:03 PM org.openqa.selenium.manager.SeleniumManager lambda$runCommand$1
WARNING: There was an error managing chrome (error sending request for url (https://googlechromelabs.github.io/chrome-for-testing/known-good-versions-with-downloads.json): error trying to connect: An existing connection was forcibly closed by the remote host. (os error 10054)); using driver found in the cache
]]></system-err>
  </testcase>
  <testcase name="gift_card_selection" classname="testCases.TC_003_Giftcards" time="14.557">
    <system-err><![CDATA[Feb 16, 2024 2:50:40 PM org.openqa.selenium.manager.SeleniumManager lambda$runCommand$1
WARNING: There was an error managing chrome (error sending request for url (https://googlechromelabs.github.io/chrome-for-testing/known-good-versions-with-downloads.json): error trying to connect: An existing connection was forcibly closed by the remote host. (os error 10054)); using driver found in the cache
]]></system-err>
  </testcase>
  <testcase name="set_amount_and_date" classname="testCases.TC_003_Giftcards" time="5.527"/>
  <testcase name="invalid_details[Chaithanya, chaithanyagmail.com, 7688925322, Kumar, kumar@gmail.com, 8292755441, Manyatha teck part, 560045, Have a wonderful day., chaithanya@gmail.com](1)" classname="testCases.TC_003_Giftcards" time="8.698">
    <system-out><![CDATA[

Please include an '@' in the email address. 'chaithanyagmail.com' is missing an '@'.
]]></system-out>
  </testcase>
  <testcase name="valid_details[Chaithanya, chaithanyagmail.com, 7688925322, Kumar, kumar@gmail.com, 8292755441, Manyatha teck part, 560045, Have a wonderful day., chaithanya@gmail.com](1)" classname="testCases.TC_003_Giftcards" time="7.053"/>
  <testcase name="confirm_details[Chaithanya, chaithanyagmail.com, 7688925322, Kumar, kumar@gmail.com, 8292755441, Manyatha teck part, 560045, Have a wonderful day., chaithanya@gmail.com](1)" classname="testCases.TC_003_Giftcards" time="4.713"/>
</testsuite>