<?xml version="1.0" encoding="UTF-8"?>
<testng-results ignored="0" total="8" passed="8" failed="0" skipped="0">
  <reporter-output>
  </reporter-output>
  <suite started-at="2024-02-15T15:31:33 IST" name="Suite" finished-at="2024-02-15T15:33:42 IST" duration-ms="129619">
    <groups>
      <group name="regression">
        <method signature="TC_003_Giftcards.confirm_details(java.lang.String,java.lang.String,java.lang.String,java.lang.String,java.lang.String,java.lang.String,java.lang.String,java.lang.String,java.lang.String,java.lang.String)[pri:8, instance:testCases.TC_003_Giftcards@42e99e4a]" name="confirm_details" class="testCases.TC_003_Giftcards"/>
        <method signature="TC_003_Giftcards.gift_card_selection()[pri:4, instance:testCases.TC_003_Giftcards@42e99e4a]" name="gift_card_selection" class="testCases.TC_003_Giftcards"/>
        <method signature="TC_003_Giftcards.invalid_details(java.lang.String,java.lang.String,java.lang.String,java.lang.String,java.lang.String,java.lang.String,java.lang.String,java.lang.String,java.lang.String,java.lang.String)[pri:6, instance:testCases.TC_003_Giftcards@42e99e4a]" name="invalid_details" class="testCases.TC_003_Giftcards"/>
        <method signature="TC_003_Giftcards.set_amount_and_date()[pri:5, instance:testCases.TC_003_Giftcards@42e99e4a]" name="set_amount_and_date" class="testCases.TC_003_Giftcards"/>
        <method signature="TC_003_Giftcards.valid_details(java.lang.String,java.lang.String,java.lang.String,java.lang.String,java.lang.String,java.lang.String,java.lang.String,java.lang.String,java.lang.String,java.lang.String)[pri:7, instance:testCases.TC_003_Giftcards@42e99e4a]" name="valid_details" class="testCases.TC_003_Giftcards"/>
      </group> <!-- regression -->
      <group name="smoke">
        <method signature="TC_001_search_bookshelves.applying_filters()[pri:2, instance:testCases.TC_001_search_bookshelves@402bba4f]" name="applying_filters" class="testCases.TC_001_search_bookshelves"/>
        <method signature="TC_002_Living_Submenu.retrieve_submenu()[pri:3, instance:testCases.TC_002_Living_Submenu@7334aada]" name="retrieve_submenu" class="testCases.TC_002_Living_Submenu"/>
      </group> <!-- smoke -->
      <group name="sanity">
        <method signature="TC_001_search_bookshelves.search_Bookshelves()[pri:1, instance:testCases.TC_001_search_bookshelves@402bba4f]" name="search_Bookshelves" class="testCases.TC_001_search_bookshelves"/>
      </group> <!-- sanity -->
    </groups>
    <test started-at="2024-02-15T15:31:33 IST" name="Test" finished-at="2024-02-15T15:33:42 IST" duration-ms="129619">
      <class name="testCases.TC_001_search_bookshelves">
        <test-method is-config="true" signature="setup(java.lang.String,java.lang.String)[pri:0, instance:testCases.TC_001_search_bookshelves@402bba4f]" started-at="2024-02-15T15:31:34 IST" name="setup" finished-at="2024-02-15T15:31:50 IST" duration-ms="15647" status="PASS">
          <params>
            <param index="0">
              <value>
                <![CDATA[Windows]]>
              </value>
            </param>
            <param index="1">
              <value>
                <![CDATA[chrome]]>
              </value>
            </param>
          </params>
          <reporter-output>
          </reporter-output>
        </test-method> <!-- setup -->
        <test-method signature="search_Bookshelves()[pri:1, instance:testCases.TC_001_search_bookshelves@402bba4f]" started-at="2024-02-15T15:31:50 IST" name="search_Bookshelves" finished-at="2024-02-15T15:31:54 IST" duration-ms="4131" status="PASS">
          <reporter-output>
          </reporter-output>
        </test-method> <!-- search_Bookshelves -->
        <test-method signature="applying_filters()[pri:2, instance:testCases.TC_001_search_bookshelves@402bba4f]" started-at="2024-02-15T15:31:54 IST" name="applying_filters" finished-at="2024-02-15T15:32:23 IST" duration-ms="29048" status="PASS">
          <reporter-output>
          </reporter-output>
        </test-method> <!-- applying_filters -->
        <test-method is-config="true" signature="tearDown()[pri:0, instance:testCases.TC_001_search_bookshelves@402bba4f]" started-at="2024-02-15T15:32:24 IST" name="tearDown" finished-at="2024-02-15T15:32:25 IST" duration-ms="1386" status="PASS">
          <reporter-output>
          </reporter-output>
        </test-method> <!-- tearDown -->
      </class> <!-- testCases.TC_001_search_bookshelves -->
      <class name="testCases.TC_002_Living_Submenu">
        <test-method is-config="true" signature="setup(java.lang.String,java.lang.String)[pri:0, instance:testCases.TC_002_Living_Submenu@7334aada]" started-at="2024-02-15T15:32:25 IST" name="setup" finished-at="2024-02-15T15:32:44 IST" duration-ms="18528" status="PASS">
          <params>
            <param index="0">
              <value>
                <![CDATA[Windows]]>
              </value>
            </param>
            <param index="1">
              <value>
                <![CDATA[chrome]]>
              </value>
            </param>
          </params>
          <reporter-output>
          </reporter-output>
        </test-method> <!-- setup -->
        <test-method signature="retrieve_submenu()[pri:3, instance:testCases.TC_002_Living_Submenu@7334aada]" started-at="2024-02-15T15:32:44 IST" name="retrieve_submenu" finished-at="2024-02-15T15:32:49 IST" duration-ms="5495" status="PASS">
          <reporter-output>
          </reporter-output>
        </test-method> <!-- retrieve_submenu -->
        <test-method is-config="true" signature="tearDown()[pri:0, instance:testCases.TC_002_Living_Submenu@7334aada]" started-at="2024-02-15T15:32:50 IST" name="tearDown" finished-at="2024-02-15T15:32:51 IST" duration-ms="1370" status="PASS">
          <reporter-output>
          </reporter-output>
        </test-method> <!-- tearDown -->
      </class> <!-- testCases.TC_002_Living_Submenu -->
      <class name="testCases.TC_003_Giftcards">
        <test-method is-config="true" signature="setup(java.lang.String,java.lang.String)[pri:0, instance:testCases.TC_003_Giftcards@42e99e4a]" started-at="2024-02-15T15:32:51 IST" name="setup" finished-at="2024-02-15T15:33:01 IST" duration-ms="9902" status="PASS">
          <params>
            <param index="0">
              <value>
                <![CDATA[Windows]]>
              </value>
            </param>
            <param index="1">
              <value>
                <![CDATA[chrome]]>
              </value>
            </param>
          </params>
          <reporter-output>
          </reporter-output>
        </test-method> <!-- setup -->
        <test-method signature="gift_card_selection()[pri:4, instance:testCases.TC_003_Giftcards@42e99e4a]" started-at="2024-02-15T15:33:01 IST" name="gift_card_selection" finished-at="2024-02-15T15:33:13 IST" duration-ms="11483" status="PASS">
          <reporter-output>
          </reporter-output>
        </test-method> <!-- gift_card_selection -->
        <test-method signature="set_amount_and_date()[pri:5, instance:testCases.TC_003_Giftcards@42e99e4a]" started-at="2024-02-15T15:33:13 IST" name="set_amount_and_date" finished-at="2024-02-15T15:33:17 IST" duration-ms="4038" status="PASS">
          <reporter-output>
          </reporter-output>
        </test-method> <!-- set_amount_and_date -->
        <test-method signature="invalid_details(java.lang.String,java.lang.String,java.lang.String,java.lang.String,java.lang.String,java.lang.String,java.lang.String,java.lang.String,java.lang.String,java.lang.String)[pri:6, instance:testCases.TC_003_Giftcards@42e99e4a]" started-at="2024-02-15T15:33:21 IST" name="invalid_details" data-provider="dp" finished-at="2024-02-15T15:33:29 IST" duration-ms="7708" status="PASS">
          <params>
            <param index="0">
              <value>
                <![CDATA[Chaithanya]]>
              </value>
            </param>
            <param index="1">
              <value>
                <![CDATA[chaithanyagmail.com]]>
              </value>
            </param>
            <param index="2">
              <value>
                <![CDATA[7688925322]]>
              </value>
            </param>
            <param index="3">
              <value>
                <![CDATA[Kumar]]>
              </value>
            </param>
            <param index="4">
              <value>
                <![CDATA[kumar@gmail.com]]>
              </value>
            </param>
            <param index="5">
              <value>
                <![CDATA[8292755441]]>
              </value>
            </param>
            <param index="6">
              <value>
                <![CDATA[Manyatha teck part]]>
              </value>
            </param>
            <param index="7">
              <value>
                <![CDATA[560045]]>
              </value>
            </param>
            <param index="8">
              <value>
                <![CDATA[Have a wonderful day.]]>
              </value>
            </param>
            <param index="9">
              <value>
                <![CDATA[chaithanya@gmail.com]]>
              </value>
            </param>
          </params>
          <reporter-output>
          </reporter-output>
        </test-method> <!-- invalid_details -->
        <test-method signature="valid_details(java.lang.String,java.lang.String,java.lang.String,java.lang.String,java.lang.String,java.lang.String,java.lang.String,java.lang.String,java.lang.String,java.lang.String)[pri:7, instance:testCases.TC_003_Giftcards@42e99e4a]" started-at="2024-02-15T15:33:30 IST" name="valid_details" data-provider="dp" finished-at="2024-02-15T15:33:36 IST" duration-ms="6650" status="PASS">
          <params>
            <param index="0">
              <value>
                <![CDATA[Chaithanya]]>
              </value>
            </param>
            <param index="1">
              <value>
                <![CDATA[chaithanyagmail.com]]>
              </value>
            </param>
            <param index="2">
              <value>
                <![CDATA[7688925322]]>
              </value>
            </param>
            <param index="3">
              <value>
                <![CDATA[Kumar]]>
              </value>
            </param>
            <param index="4">
              <value>
                <![CDATA[kumar@gmail.com]]>
              </value>
            </param>
            <param index="5">
              <value>
                <![CDATA[8292755441]]>
              </value>
            </param>
            <param index="6">
              <value>
                <![CDATA[Manyatha teck part]]>
              </value>
            </param>
            <param index="7">
              <value>
                <![CDATA[560045]]>
              </value>
            </param>
            <param index="8">
              <value>
                <![CDATA[Have a wonderful day.]]>
              </value>
            </param>
            <param index="9">
              <value>
                <![CDATA[chaithanya@gmail.com]]>
              </value>
            </param>
          </params>
          <reporter-output>
          </reporter-output>
        </test-method> <!-- valid_details -->
        <test-method signature="confirm_details(java.lang.String,java.lang.String,java.lang.String,java.lang.String,java.lang.String,java.lang.String,java.lang.String,java.lang.String,java.lang.String,java.lang.String)[pri:8, instance:testCases.TC_003_Giftcards@42e99e4a]" started-at="2024-02-15T15:33:37 IST" name="confirm_details" data-provider="dp" finished-at="2024-02-15T15:33:40 IST" duration-ms="3551" status="PASS">
          <params>
            <param index="0">
              <value>
                <![CDATA[Chaithanya]]>
              </value>
            </param>
            <param index="1">
              <value>
                <![CDATA[chaithanyagmail.com]]>
              </value>
            </param>
            <param index="2">
              <value>
                <![CDATA[7688925322]]>
              </value>
            </param>
            <param index="3">
              <value>
                <![CDATA[Kumar]]>
              </value>
            </param>
            <param index="4">
              <value>
                <![CDATA[kumar@gmail.com]]>
              </value>
            </param>
            <param index="5">
              <value>
                <![CDATA[8292755441]]>
              </value>
            </param>
            <param index="6">
              <value>
                <![CDATA[Manyatha teck part]]>
              </value>
            </param>
            <param index="7">
              <value>
                <![CDATA[560045]]>
              </value>
            </param>
            <param index="8">
              <value>
                <![CDATA[Have a wonderful day.]]>
              </value>
            </param>
            <param index="9">
              <value>
                <![CDATA[chaithanya@gmail.com]]>
              </value>
            </param>
          </params>
          <reporter-output>
          </reporter-output>
        </test-method> <!-- confirm_details -->
        <test-method is-config="true" signature="tearDown()[pri:0, instance:testCases.TC_003_Giftcards@42e99e4a]" started-at="2024-02-15T15:33:41 IST" name="tearDown" finished-at="2024-02-15T15:33:42 IST" duration-ms="1371" status="PASS">
          <reporter-output>
          </reporter-output>
        </test-method> <!-- tearDown -->
      </class> <!-- testCases.TC_003_Giftcards -->
    </test> <!-- Test -->
  </suite> <!-- Suite -->
</testng-results>
